Determining if the function sgemm_ exists failed with the following output:
Change Dir: /home/solee/MC-Calib/MA-Calibcpp/debug/CMakeFiles/CMakeTmp

Run Build Command(s):/usr/bin/make cmTC_44cfe/fast && /usr/bin/make -f CMakeFiles/cmTC_44cfe.dir/build.make CMakeFiles/cmTC_44cfe.dir/build
make[1]: Entering directory '/home/solee/MC-Calib/MA-Calibcpp/debug/CMakeFiles/CMakeTmp'
Building C object CMakeFiles/cmTC_44cfe.dir/CheckFunctionExists.c.o
/usr/bin/cc   -DCHECK_FUNCTION_EXISTS=sgemm_   -o CMakeFiles/cmTC_44cfe.dir/CheckFunctionExists.c.o   -c /usr/share/cmake-3.16/Modules/CheckFunctionExists.c
Linking C executable cmTC_44cfe
/usr/bin/cmake -E cmake_link_script CMakeFiles/cmTC_44cfe.dir/link.txt --verbose=1
/usr/bin/cc  -DCHECK_FUNCTION_EXISTS=sgemm_    -rdynamic CMakeFiles/cmTC_44cfe.dir/CheckFunctionExists.c.o  -o cmTC_44cfe 
/usr/bin/ld: CMakeFiles/cmTC_44cfe.dir/CheckFunctionExists.c.o: in function `main':
CheckFunctionExists.c:(.text+0x14): undefined reference to `sgemm_'
collect2: error: ld returned 1 exit status
make[1]: *** [CMakeFiles/cmTC_44cfe.dir/build.make:87: cmTC_44cfe] Error 1
make[1]: Leaving directory '/home/solee/MC-Calib/MA-Calibcpp/debug/CMakeFiles/CMakeTmp'
make: *** [Makefile:121: cmTC_44cfe/fast] Error 2



Performing C SOURCE FILE Test CMAKE_HAVE_LIBC_PTHREAD failed with the following output:
Change Dir: /home/solee/MC-Calib/MA-Calibcpp/debug/CMakeFiles/CMakeTmp

Run Build Command(s):/usr/bin/make cmTC_dd5d9/fast && /usr/bin/make -f CMakeFiles/cmTC_dd5d9.dir/build.make CMakeFiles/cmTC_dd5d9.dir/build
make[1]: Entering directory '/home/solee/MC-Calib/MA-Calibcpp/debug/CMakeFiles/CMakeTmp'
Building C object CMakeFiles/cmTC_dd5d9.dir/src.c.o
/usr/bin/cc   -DCMAKE_HAVE_LIBC_PTHREAD   -o CMakeFiles/cmTC_dd5d9.dir/src.c.o   -c /home/solee/MC-Calib/MA-Calibcpp/debug/CMakeFiles/CMakeTmp/src.c
Linking C executable cmTC_dd5d9
/usr/bin/cmake -E cmake_link_script CMakeFiles/cmTC_dd5d9.dir/link.txt --verbose=1
/usr/bin/cc  -DCMAKE_HAVE_LIBC_PTHREAD    -rdynamic CMakeFiles/cmTC_dd5d9.dir/src.c.o  -o cmTC_dd5d9 
/usr/bin/ld: CMakeFiles/cmTC_dd5d9.dir/src.c.o: in function `main':
src.c:(.text+0x46): undefined reference to `pthread_create'
/usr/bin/ld: src.c:(.text+0x52): undefined reference to `pthread_detach'
/usr/bin/ld: src.c:(.text+0x63): undefined reference to `pthread_join'
collect2: error: ld returned 1 exit status
make[1]: *** [CMakeFiles/cmTC_dd5d9.dir/build.make:87: cmTC_dd5d9] Error 1
make[1]: Leaving directory '/home/solee/MC-Calib/MA-Calibcpp/debug/CMakeFiles/CMakeTmp'
make: *** [Makefile:121: cmTC_dd5d9/fast] Error 2


Source file was:
#include <pthread.h>

void* test_func(void* data)
{
  return data;
}

int main(void)
{
  pthread_t thread;
  pthread_create(&thread, NULL, test_func, NULL);
  pthread_detach(thread);
  pthread_join(thread, NULL);
  pthread_atfork(NULL, NULL, NULL);
  pthread_exit(NULL);

  return 0;
}

Determining if the function pthread_create exists in the pthreads failed with the following output:
Change Dir: /home/solee/MC-Calib/MA-Calibcpp/debug/CMakeFiles/CMakeTmp

Run Build Command(s):/usr/bin/make cmTC_cb64b/fast && /usr/bin/make -f CMakeFiles/cmTC_cb64b.dir/build.make CMakeFiles/cmTC_cb64b.dir/build
make[1]: Entering directory '/home/solee/MC-Calib/MA-Calibcpp/debug/CMakeFiles/CMakeTmp'
Building C object CMakeFiles/cmTC_cb64b.dir/CheckFunctionExists.c.o
/usr/bin/cc   -DCHECK_FUNCTION_EXISTS=pthread_create   -o CMakeFiles/cmTC_cb64b.dir/CheckFunctionExists.c.o   -c /usr/share/cmake-3.16/Modules/CheckFunctionExists.c
Linking C executable cmTC_cb64b
/usr/bin/cmake -E cmake_link_script CMakeFiles/cmTC_cb64b.dir/link.txt --verbose=1
/usr/bin/cc  -DCHECK_FUNCTION_EXISTS=pthread_create    -rdynamic CMakeFiles/cmTC_cb64b.dir/CheckFunctionExists.c.o  -o cmTC_cb64b  -lpthreads 
/usr/bin/ld: cannot find -lpthreads
collect2: error: ld returned 1 exit status
make[1]: *** [CMakeFiles/cmTC_cb64b.dir/build.make:87: cmTC_cb64b] Error 1
make[1]: Leaving directory '/home/solee/MC-Calib/MA-Calibcpp/debug/CMakeFiles/CMakeTmp'
make: *** [Makefile:121: cmTC_cb64b/fast] Error 2



Determining if the function cheev_ exists failed with the following output:
Change Dir: /home/solee/MC-Calib/MA-Calibcpp/debug/CMakeFiles/CMakeTmp

Run Build Command(s):/usr/bin/make cmTC_3042d/fast && /usr/bin/make -f CMakeFiles/cmTC_3042d.dir/build.make CMakeFiles/cmTC_3042d.dir/build
make[1]: Entering directory '/home/solee/MC-Calib/MA-Calibcpp/debug/CMakeFiles/CMakeTmp'
Building C object CMakeFiles/cmTC_3042d.dir/CheckFunctionExists.c.o
/usr/bin/cc   -DCHECK_FUNCTION_EXISTS=cheev_   -o CMakeFiles/cmTC_3042d.dir/CheckFunctionExists.c.o   -c /usr/share/cmake-3.16/Modules/CheckFunctionExists.c
Linking C executable cmTC_3042d
/usr/bin/cmake -E cmake_link_script CMakeFiles/cmTC_3042d.dir/link.txt --verbose=1
/usr/bin/cc  -DCHECK_FUNCTION_EXISTS=cheev_    -rdynamic CMakeFiles/cmTC_3042d.dir/CheckFunctionExists.c.o  -o cmTC_3042d  /usr/lib/x86_64-linux-gnu/libf77blas.so /usr/lib/x86_64-linux-gnu/libatlas.so 
/usr/bin/ld: CMakeFiles/cmTC_3042d.dir/CheckFunctionExists.c.o: in function `main':
CheckFunctionExists.c:(.text+0x14): undefined reference to `cheev_'
collect2: error: ld returned 1 exit status
make[1]: *** [CMakeFiles/cmTC_3042d.dir/build.make:89: cmTC_3042d] Error 1
make[1]: Leaving directory '/home/solee/MC-Calib/MA-Calibcpp/debug/CMakeFiles/CMakeTmp'
make: *** [Makefile:121: cmTC_3042d/fast] Error 2



