0000001 | 2022-11-02, 09:01:52.370678 [info] - Nb of cameras : 7   Nb of Boards : 26   Refined Corners : false   Distortion mode : 0
0000002 | 2022-11-02, 09:01:52.372550 [info] - Extraction camera 001
0000004 | 2022-11-02, 09:01:52.642656 [info] - Number of detected corners :: 108
0000005 | 2022-11-02, 09:01:52.642753 [info] - Number of detected corners :: 140
0000006 | 2022-11-02, 09:01:52.642813 [info] - Number of detected corners :: 60
0000009 | 2022-11-02, 09:01:52.924230 [info] - Number of detected corners :: 140
0000010 | 2022-11-02, 09:01:52.924322 [info] - Number of detected corners :: 140
0000011 | 2022-11-02, 09:01:52.924371 [info] - Number of detected corners :: 60
0000014 | 2022-11-02, 09:01:53.166452 [info] - Number of detected corners :: 128
0000015 | 2022-11-02, 09:01:53.166543 [info] - Number of detected corners :: 36
0000016 | 2022-11-02, 09:01:53.166594 [info] - Number of detected corners :: 60
0000017 | 2022-11-02, 09:01:53.166657 [info] - Number of detected corners :: 60
0000020 | 2022-11-02, 09:01:53.423624 [info] - Number of detected corners :: 140
0000021 | 2022-11-02, 09:01:53.423690 [info] - Number of detected corners :: 36
0000022 | 2022-11-02, 09:01:53.423757 [info] - Number of detected corners :: 60
0000025 | 2022-11-02, 09:01:53.659361 [info] - Number of detected corners :: 136
0000026 | 2022-11-02, 09:01:53.659439 [info] - Number of detected corners :: 48
0000027 | 2022-11-02, 09:01:53.659510 [info] - Number of detected corners :: 60
0000028 | 2022-11-02, 09:01:53.659564 [info] - Number of detected corners :: 60
0000031 | 2022-11-02, 09:01:53.921181 [info] - Number of detected corners :: 140
0000032 | 2022-11-02, 09:01:53.921258 [info] - Number of detected corners :: 60
0000035 | 2022-11-02, 09:01:54.191014 [info] - Number of detected corners :: 140
0000036 | 2022-11-02, 09:01:54.191081 [info] - Number of detected corners :: 60
0000041 | 2022-11-02, 09:01:54.637638 [info] - Number of detected corners :: 140
0000042 | 2022-11-02, 09:01:54.637717 [info] - Number of detected corners :: 140
0000043 | 2022-11-02, 09:01:54.637756 [info] - Number of detected corners :: 60
0000044 | 2022-11-02, 09:01:54.637800 [info] - Number of detected corners :: 60
0000046 | 2022-11-02, 09:01:54.637995 [info] - Extraction camera 002
0000048 | 2022-11-02, 09:01:54.867817 [info] - Number of detected corners :: 48
0000049 | 2022-11-02, 09:01:54.867883 [info] - Number of detected corners :: 60
0000050 | 2022-11-02, 09:01:54.867958 [info] - Number of detected corners :: 60
0000053 | 2022-11-02, 09:01:55.120496 [info] - Number of detected corners :: 60
0000054 | 2022-11-02, 09:01:55.120557 [info] - Number of detected corners :: 60
0000055 | 2022-11-02, 09:01:55.120610 [info] - Number of detected corners :: 60
0000058 | 2022-11-02, 09:01:55.356446 [info] - Number of detected corners :: 60
0000061 | 2022-11-02, 09:01:55.609925 [info] - Number of detected corners :: 60
0000062 | 2022-11-02, 09:01:55.610015 [info] - Number of detected corners :: 60
0000063 | 2022-11-02, 09:01:55.610072 [info] - Number of detected corners :: 48
0000066 | 2022-11-02, 09:01:55.829832 [info] - Number of detected corners :: 60
0000067 | 2022-11-02, 09:01:55.829905 [info] - Number of detected corners :: 60
0000068 | 2022-11-02, 09:01:55.829939 [info] - Number of detected corners :: 60
0000071 | 2022-11-02, 09:01:56.065836 [info] - Number of detected corners :: 60
0000072 | 2022-11-02, 09:01:56.065899 [info] - Number of detected corners :: 60
0000075 | 2022-11-02, 09:01:56.312474 [info] - Number of detected corners :: 60
0000076 | 2022-11-02, 09:01:56.312533 [info] - Number of detected corners :: 48
0000081 | 2022-11-02, 09:01:56.737478 [info] - Number of detected corners :: 60
0000082 | 2022-11-02, 09:01:56.737540 [info] - Number of detected corners :: 60
0000084 | 2022-11-02, 09:01:56.737678 [info] - Extraction camera 003
0000086 | 2022-11-02, 09:01:56.943212 [info] - Number of detected corners :: 48
0000089 | 2022-11-02, 09:01:57.155805 [info] - Number of detected corners :: 40
0000092 | 2022-11-02, 09:01:57.358289 [info] - Number of detected corners :: 140
0000097 | 2022-11-02, 09:01:57.775758 [info] - Number of detected corners :: 140
0000100 | 2022-11-02, 09:01:57.992806 [info] - Number of detected corners :: 140
0000101 | 2022-11-02, 09:01:57.992907 [info] - Number of detected corners :: 60
0000104 | 2022-11-02, 09:01:58.215238 [info] - Number of detected corners :: 60
0000105 | 2022-11-02, 09:01:58.215308 [info] - Number of detected corners :: 36
0000108 | 2022-11-02, 09:01:58.422991 [info] - Number of detected corners :: 100
0000109 | 2022-11-02, 09:01:58.423077 [info] - Number of detected corners :: 60
0000110 | 2022-11-02, 09:01:58.423142 [info] - Number of detected corners :: 60
0000113 | 2022-11-02, 09:01:58.620733 [info] - Number of detected corners :: 140
0000115 | 2022-11-02, 09:01:58.620916 [info] - Extraction camera 004
0000117 | 2022-11-02, 09:01:58.827849 [info] - Number of detected corners :: 60
0000118 | 2022-11-02, 09:01:58.827910 [info] - Number of detected corners :: 60
0000121 | 2022-11-02, 09:01:59.063792 [info] - Number of detected corners :: 60
0000122 | 2022-11-02, 09:01:59.063853 [info] - Number of detected corners :: 60
0000125 | 2022-11-02, 09:01:59.263896 [info] - Number of detected corners :: 140
0000126 | 2022-11-02, 09:01:59.263987 [info] - Number of detected corners :: 60
0000129 | 2022-11-02, 09:01:59.479735 [info] - Number of detected corners :: 60
0000132 | 2022-11-02, 09:01:59.671163 [info] - Number of detected corners :: 128
0000133 | 2022-11-02, 09:01:59.671251 [info] - Number of detected corners :: 60
0000136 | 2022-11-02, 09:01:59.900099 [info] - Number of detected corners :: 60
0000137 | 2022-11-02, 09:01:59.900174 [info] - Number of detected corners :: 60
0000140 | 2022-11-02, 09:02:00.134908 [info] - Number of detected corners :: 60
0000141 | 2022-11-02, 09:02:00.134981 [info] - Number of detected corners :: 60
0000144 | 2022-11-02, 09:02:00.343574 [info] - Number of detected corners :: 60
0000145 | 2022-11-02, 09:02:00.343643 [info] - Number of detected corners :: 60
0000148 | 2022-11-02, 09:02:00.542253 [info] - Number of detected corners :: 48
0000149 | 2022-11-02, 09:02:00.542319 [info] - Number of detected corners :: 56
0000151 | 2022-11-02, 09:02:00.542416 [info] - Extraction camera 005
0000153 | 2022-11-02, 09:02:00.737133 [info] - Number of detected corners :: 56
0000156 | 2022-11-02, 09:02:00.946605 [info] - Number of detected corners :: 140
0000157 | 2022-11-02, 09:02:00.946713 [info] - Number of detected corners :: 36
0000160 | 2022-11-02, 09:02:01.144798 [info] - Number of detected corners :: 140
0000161 | 2022-11-02, 09:02:01.144877 [info] - Number of detected corners :: 52
0000164 | 2022-11-02, 09:02:01.350113 [info] - Number of detected corners :: 132
0000165 | 2022-11-02, 09:02:01.350238 [info] - Number of detected corners :: 60
0000168 | 2022-11-02, 09:02:01.529207 [info] - Number of detected corners :: 140
0000169 | 2022-11-02, 09:02:01.529306 [info] - Number of detected corners :: 60
0000172 | 2022-11-02, 09:02:01.737291 [info] - Number of detected corners :: 132
0000179 | 2022-11-02, 09:02:02.355108 [info] - Number of detected corners :: 132
0000180 | 2022-11-02, 09:02:02.355188 [info] - Number of detected corners :: 60
0000182 | 2022-11-02, 09:02:02.355282 [info] - Extraction camera 006
0000184 | 2022-11-02, 09:02:02.565640 [info] - Number of detected corners :: 140
0000185 | 2022-11-02, 09:02:02.565742 [info] - Number of detected corners :: 60
0000188 | 2022-11-02, 09:02:02.788461 [info] - Number of detected corners :: 140
0000189 | 2022-11-02, 09:02:02.788563 [info] - Number of detected corners :: 60
0000190 | 2022-11-02, 09:02:02.788620 [info] - Number of detected corners :: 32
0000193 | 2022-11-02, 09:02:02.982844 [info] - Number of detected corners :: 112
0000196 | 2022-11-02, 09:02:03.214846 [info] - Number of detected corners :: 140
0000197 | 2022-11-02, 09:02:03.214964 [info] - Number of detected corners :: 60
0000198 | 2022-11-02, 09:02:03.215009 [info] - Number of detected corners :: 60
0000201 | 2022-11-02, 09:02:03.428862 [info] - Number of detected corners :: 60
0000202 | 2022-11-02, 09:02:03.428925 [info] - Number of detected corners :: 60
0000205 | 2022-11-02, 09:02:03.623992 [info] - Number of detected corners :: 140
0000206 | 2022-11-02, 09:02:03.624099 [info] - Number of detected corners :: 48
0000207 | 2022-11-02, 09:02:03.624150 [info] - Number of detected corners :: 60
0000210 | 2022-11-02, 09:02:03.810165 [info] - Number of detected corners :: 84
0000211 | 2022-11-02, 09:02:03.810269 [info] - Number of detected corners :: 60
0000214 | 2022-11-02, 09:02:03.989912 [info] - Number of detected corners :: 132
0000215 | 2022-11-02, 09:02:03.989996 [info] - Number of detected corners :: 60
0000218 | 2022-11-02, 09:02:04.183556 [info] - Number of detected corners :: 140
0000219 | 2022-11-02, 09:02:04.183679 [info] - Number of detected corners :: 60
0000221 | 2022-11-02, 09:02:04.183796 [info] - Extraction camera 007
0000223 | 2022-11-02, 09:02:04.397960 [info] - Number of detected corners :: 140
0000226 | 2022-11-02, 09:02:04.628112 [info] - Number of detected corners :: 140
0000229 | 2022-11-02, 09:02:04.838016 [info] - Number of detected corners :: 140
0000232 | 2022-11-02, 09:02:05.058860 [info] - Number of detected corners :: 140
0000235 | 2022-11-02, 09:02:05.260624 [info] - Number of detected corners :: 140
0000236 | 2022-11-02, 09:02:05.260712 [info] - Number of detected corners :: 140
0000239 | 2022-11-02, 09:02:05.490964 [info] - Number of detected corners :: 140
0000240 | 2022-11-02, 09:02:05.491045 [info] - Number of detected corners :: 36
0000243 | 2022-11-02, 09:02:05.727079 [info] - Number of detected corners :: 140
0000244 | 2022-11-02, 09:02:05.727163 [info] - Number of detected corners :: 60
0000247 | 2022-11-02, 09:02:05.921218 [info] - Number of detected corners :: 60
0000250 | 2022-11-02, 09:02:06.121840 [info] - Number of detected corners :: 140
0000251 | 2022-11-02, 09:02:06.121925 [info] - Number of detected corners :: 140
0000253 | 2022-11-02, 09:02:06.122056 [info] - Board extraction done!
0000254 | 2022-11-02, 09:02:06.122064 [info] - Intrinsic calibration initiated
0000255 | 2022-11-02, 09:02:06.122263 [info] - Initializing camera calibration from ../../data/221011_42dot_caldata/niro_2k_multi/calibrated_cameras_data2.yml
0000613 | 2022-11-02, 09:02:06.144597 [info] - Intrinsic Calibration done!
0000614 | 2022-11-02, 09:02:06.144608 [info] - 3D Object calibration initiated
0000833 | 2022-11-02, 09:02:06.145802 [info] - Initializing 3D objects from ../../data/221011_42dot_caldata/niro_2k_multi/calibrated_objects_data.yml
0001087 | 2022-11-02, 09:02:06.169778 [info] - Mean Error 1.35597
0001146 | 2022-11-02, 09:02:06.587296 [info] - Mean Error 0.592291
0001147 | 2022-11-02, 09:02:06.587323 [info] - 3D Object calibration done!
0001148 | 2022-11-02, 09:02:06.587327 [info] - Camera group calibration initiated
0001194 | 2022-11-02, 09:02:06.588953 [info] - Number of frames for camera group optimization  :: 9
0001195 | 2022-11-02, 09:02:07.297916 [info] - Camera  0  :: [1, 0, 0, 0;
 0, 1, 0, 0;
 0, 0, 1, 0;
 0, 0, 0, 1]
0001196 | 2022-11-02, 09:02:07.297960 [info] - Camera  1  :: [0.9994905918632168, 0.006738334199327553, -0.0311953783297273, 1.03084626608582;
 -0.004622564912368262, 0.9977149831501823, 0.06740507615352458, -2.310827309851437;
 0.031578294294461, -0.06722653679797642, 0.9972378874068126, -4.570416263300049;
 0, 0, 0, 1]
0001197 | 2022-11-02, 09:02:07.297977 [info] - Camera  2  :: [-0.9036574327071397, 0.09652727473498676, 0.4172358200650772, -90.45598634422946;
 0.1179032297331913, 0.9926925147353259, 0.02569824131993673, -21.44627592812298;
 -0.4117062942579618, 0.07241585752231182, -0.9084348467819169, 0.4807366612669483;
 0, 0, 0, 1]
0001198 | 2022-11-02, 09:02:07.297992 [info] - Camera  3  :: [0.7324718670624928, 0.02735241780605168, 0.680247608744161, 71.29913733857482;
 -0.01377804409481222, 0.9995835088789091, -0.02535693747772647, 1.36779991931979;
 -0.6806578652031484, 0.009200761788629578, 0.7325436618520439, -5.539236525766545;
 0, 0, 0, 1]
0001199 | 2022-11-02, 09:02:07.298007 [info] - Camera  4  :: [-0.9330872564099875, -0.004930322278611773, -0.3596162730571455, 104.6723174641416;
 0.004035302135598863, 0.9996995703886575, -0.02417613081962942, -55.94674202244425;
 0.3596274297963892, -0.02400959989176056, -0.9327870340281755, 12.95679827452867;
 0, 0, 0, 1]
0001200 | 2022-11-02, 09:02:07.298021 [info] - Camera  5  :: [0.6783258263390268, 0.02307049763670976, -0.7343989552418161, -61.86317793137884;
 -0.06569675350125542, 0.9974079577494531, -0.02934795388882241, 18.96898190835748;
 0.7318182902202374, 0.06815510220709622, 0.6780832339339092, -17.62519991435964;
 0, 0, 0, 1]
0001201 | 2022-11-02, 09:02:07.298036 [info] - Camera  6  :: [-0.9936143582780009, 0.06920837486502528, 0.08911064960114846, 9.043005197343229;
 0.07881275995424024, 0.9908895315419268, 0.1092084481577181, -7.884958754823862;
 -0.08074067062015171, 0.1155341383711491, -0.9900165690424804, -220.3518982842354;
 0, 0, 0, 1]
0001202 | 2022-11-02, 09:02:07.300754 [info] - Number of frames for camera group optimization  :: 9
0001203 | 2022-11-02, 09:02:08.097346 [info] - Camera  0  :: [1, 0, 0, 0;
 0, 1, 0, 0;
 0, 0, 1, 0;
 0, 0, 0, 1]
0001204 | 2022-11-02, 09:02:08.097391 [info] - Camera  1  :: [0.9995287446835357, 0.005060455050183314, -0.03027672944755331, 0.4337097906430213;
 -0.002898385552089778, 0.9974697916429526, 0.07103248637740509, -3.96654671713482;
 0.03055957971809666, -0.07091125830536274, 0.9970143958504328, -3.917218323405008;
 0, 0, 0, 1]
0001205 | 2022-11-02, 09:02:08.097418 [info] - Camera  2  :: [-0.9105267941021068, 0.003666457313969603, 0.4134338088653424, -96.27037658767505;
 0.03063746140316947, 0.9978097943618143, 0.05862559368061006, -48.3264194841634;
 -0.4123133555694127, 0.06604673622821589, -0.908644884128388, -4.277202187268036;
 0, 0, 0, 1]
0001206 | 2022-11-02, 09:02:08.097460 [info] - Camera  3  :: [0.726734704455162, 0.001340127509109983, 0.6869169334051443, 65.34076688979567;
 0.02617746593421818, 0.9992176727047654, -0.02964427148261815, 12.19775815181429;
 -0.686419266642284, 0.03952526549855988, 0.7261310789172553, -9.476674600867213;
 0, 0, 0, 1]
0001207 | 2022-11-02, 09:02:08.097495 [info] - Camera  4  :: [-0.9208068657284262, -0.0143511279358913, -0.3897547448772878, 101.3552978054109;
 -0.01752404870560438, 0.9998359238075317, 0.004586194599325993, -47.87543924756413;
 0.3896249783373182, 0.01105308060709601, -0.9209072731088279, -1.523550623838944;
 0, 0, 0, 1]
0001208 | 2022-11-02, 09:02:08.097528 [info] - Camera  5  :: [0.6869020369533309, 0.02928174212472415, -0.7261598799214303, -67.58051874877408;
 -0.0647009114411779, 0.9976842957925031, -0.02097231479112679, 15.38304929095287;
 0.7238642025187084, 0.06138913183258431, 0.6872059304202749, -16.02795421170215;
 0, 0, 0, 1]
0001209 | 2022-11-02, 09:02:08.097565 [info] - Camera  6  :: [-0.9991496670786745, -0.002793132717889797, 0.04113564374352355, 7.506964253941641;
 0.005178259093041034, 0.9813016651803548, 0.1924064124373929, 37.50092674295226;
 -0.04090389234949619, 0.1924558139518863, -0.9804527685038059, -232.3797606593159;
 0, 0, 0, 1]
0001210 | 2022-11-02, 09:02:08.101744 [info] - Camera group calibration done!
0001618 | 2022-11-02, 09:02:08.141496 [info] - Number of frames for camera group optimization  :: 9
0001619 | 2022-11-02, 09:02:08.877956 [info] - Camera  0  :: [1, 0, 0, 0;
 0, 1, 0, 0;
 0, 0, 1, 0;
 0, 0, 0, 1]
0001620 | 2022-11-02, 09:02:08.878000 [info] - Camera  1  :: [0.9995288641847897, 0.005060752061084351, -0.03027273443282714, 0.4322232971303064;
 -0.002898978398885542, 0.9974698198791498, 0.07103206567810968, -3.966450117382531;
 0.03055561463474499, -0.0709108399247444, 0.9970145471333206, -3.916856656750066;
 0, 0, 0, 1]
0001621 | 2022-11-02, 09:02:08.878021 [info] - Camera  2  :: [-0.9105310704189069, 0.003689205466791733, 0.4134241884128499, -96.26617566059195;
 0.03066294728161389, 0.9978088401178427, 0.05862851052765634, -48.31779333021559;
 -0.4123020172953374, 0.0660598845420603, -0.908649073178686, -4.279620108055052;
 0, 0, 0, 1]
0001622 | 2022-11-02, 09:02:08.878053 [info] - Camera  3  :: [0.7267457038519525, 0.001341996788263772, 0.6869052925821364, 65.34990259545646;
 0.02617836573980231, 0.999217512875423, -0.02964886389470779, 12.19914046289452;
 -0.6864075867150095, 0.03952924243739124, 0.7261419034131018, -9.472297161810365;
 0, 0, 0, 1]
0001623 | 2022-11-02, 09:02:08.878117 [info] - Camera  4  :: [-0.9208001107046619, -0.01435162013581286, -0.3897706853083743, 101.3569546459154;
 -0.01752456019793531, 0.9998359173434331, 0.004585649341587361, -47.87518402404805;
 0.3896409192014506, 0.01105302625946351, -0.9209005292073386, -1.526735404918402;
 0, 0, 0, 1]
0001624 | 2022-11-02, 09:02:08.878148 [info] - Camera  5  :: [0.6869071944426565, 0.02928093710108297, -0.7261550336845439, -67.5827339445468;
 -0.06470058716183769, 0.9976842874102104, -0.02097371392229391, 15.38346415318392;
 0.7238593373327666, 0.0613896520373198, 0.6872110086275575, -16.03052298885435;
 0, 0, 0, 1]
0001625 | 2022-11-02, 09:02:08.878184 [info] - Camera  6  :: [-0.9991506973630118, -0.002787819215065075, 0.04111097205165032, 7.506311126503324;
 0.005178884036569417, 0.9813008966422491, 0.1924103152360955, 37.50270032231524;
 -0.04087863891011081, 0.1924598096048679, -0.9804530374106222, -232.3816425753154;
 0, 0, 0, 1]
0001684 | 2022-11-02, 09:02:08.882225 [info] - Non-overlapping calibration initiated
0001685 | 2022-11-02, 09:02:08.882247 [info] - Non-overlapping calibration done!
0001686 | 2022-11-02, 09:02:08.882252 [info] - Merge cameras and objets initiated
0002094 | 2022-11-02, 09:02:08.922413 [info] - Number of frames for camera group optimization  :: 9
0002095 | 2022-11-02, 09:02:09.662123 [info] - Camera  0  :: [1, 0, 0, 0;
 0, 1, 0, 0;
 0, 0, 1, 0;
 0, 0, 0, 1]
0002096 | 2022-11-02, 09:02:09.662173 [info] - Camera  1  :: [0.999528864266174, 0.005060751064245654, -0.03027273191236482, 0.4322218231849295;
 -0.002898977550206361, 0.9974698198054296, 0.07103206674796446, -3.966450922954369;
 0.03055561205303494, -0.07091084103287461, 0.9970145471336287, -3.91685624820225;
 0, 0, 0, 1]
0002097 | 2022-11-02, 09:02:09.662193 [info] - Camera  2  :: [-0.9105310696701349, 0.003689217129143437, 0.4134241899578859, -96.26617857541468;
 0.03066296182482577, 0.9978088394585728, 0.05862851414171218, -48.31778986864602;
 -0.4123020178673509, 0.06605989384876199, -0.9086490722425247, -4.279621851708463;
 0, 0, 0, 1]
0002098 | 2022-11-02, 09:02:09.662212 [info] - Camera  3  :: [0.7267457101326089, 0.001341996439326134, 0.6869052859378846, 65.34990668395875;
 0.02617836609169433, 0.9992175128546075, -0.02964886428552634, 12.19914010833514;
 -0.6864075800518372, 0.03952924297541209, 0.7261419096823785, -9.47229881226426;
 0, 0, 0, 1]
0002099 | 2022-11-02, 09:02:09.662230 [info] - Camera  4  :: [-0.9208001093750801, -0.01435161516958843, -0.3897706886322582, 101.3569498389653;
 -0.01752455441766598, 0.9998359174494199, 0.004585648322714827, -47.87518718102216;
 0.3896409226034953, 0.01105302312045861, -0.92090052780558, -1.526734745653187;
 0, 0, 0, 1]
0002100 | 2022-11-02, 09:02:09.662246 [info] - Camera  5  :: [0.6869071850097122, 0.02928093766928391, -0.7261550425847367, -67.58273019847746;
 -0.06470059085106557, 0.9976842871368494, -0.02097371554493516, 15.38346487153136;
 0.7238593459544169, 0.06138965620887899, 0.6872109991734704, -16.03052242035481;
 0, 0, 0, 1]
0002101 | 2022-11-02, 09:02:09.662267 [info] - Camera  6  :: [-0.9991506976385391, -0.002787814976801637, 0.04111096564270419, 7.506305436406659;
 0.005178887220084982, 0.9813008954189478, 0.1924103213892961, 37.50270096308871;
 -0.04087863177238353, 0.1924598159035431, -0.9804530364718098, -232.3816440382376;
 0, 0, 0, 1]
0002334 | 2022-11-02, 09:02:09.685720 [info] - Merge cameras and objets done!
0002335 | 2022-11-02, 09:02:09.685739 [info] - Final refinement initiated
0002336 | 2022-11-02, 09:02:09.685743 [info] - Number of frames for camera group optimization  :: 9
0002337 | 2022-11-02, 09:02:09.935411 [info] - Camera  0  :: [1, 0, 0, 0;
 0, 1, 0, 0;
 0, 0, 1, 0;
 0, 0, 0, 1]
0002338 | 2022-11-02, 09:02:09.935454 [info] - Camera  1  :: [0.9995288488387229, 0.005060748231069555, -0.0302732417570214, 0.4325004627717071;
 -0.002898942885546281, 0.9974698300131687, 0.07103192482008899, -3.96634907485423;
 0.03055611999720643, -0.07091069764740832, 0.9970145417644991, -3.916756360289854;
 0, 0, 0, 1]
0002339 | 2022-11-02, 09:02:09.935471 [info] - Camera  2  :: [-0.9105303064090896, 0.003688044988695752, 0.4134258814282563, -96.26611921245176;
 0.03066063444687158, 0.9978090634676516, 0.05862591881687997, -48.31865528337407;
 -0.4123038765351165, 0.06605657564519558, -0.9086484700961895, -4.279999682434218;
 0, 0, 0, 1]
0002340 | 2022-11-02, 09:02:09.935487 [info] - Camera  3  :: [0.7267461307272571, 0.001342715321224574, 0.6869048395436786, 65.35018414478623;
 0.02617712346297105, 0.9992175523405258, -0.02964863069035496, 12.19884042593851;
 -0.6864071821303773, 0.03952822042762406, 0.7261423414934983, -9.472436034468386;
 0, 0, 0, 1]
0002341 | 2022-11-02, 09:02:09.935502 [info] - Camera  4  :: [-0.9208009460104047, -0.0143522949589237, -0.3897686871155195, 101.3570484044109;
 -0.01752530539468632, 0.9998359038645022, 0.004585740319445577, -47.87480115772367;
 0.389638911682556, 0.01105336929928896, -0.9209013744858712, -1.526408465505678;
 0, 0, 0, 1]
0002342 | 2022-11-02, 09:02:09.935518 [info] - Camera  5  :: [0.6869034116924695, 0.02928035425422223, -0.7261586354647261, -67.58115376139433;
 -0.0647012108363422, 0.9976842269481619, -0.02097466603213737, 15.38382251916122;
 0.7238628712135725, 0.06139091263041912, 0.6872071736564217, -16.03065428290368;
 0, 0, 0, 1]
0002343 | 2022-11-02, 09:02:09.935533 [info] - Camera  6  :: [-0.9991506270481046, -0.00278811063813063, 0.0411126611696301, 7.506502771601515;
 0.005179055307423793, 0.9813002757296369, 0.1924134772802106, 37.50461022909299;
 -0.04088033580466181, 0.1924629712230616, -0.9804523460385461, -232.3813457705957;
 0, 0, 0, 1]
0002344 | 2022-11-02, 09:02:09.938612 [info] - Number of frames for camera group optimization  :: 9
0002345 | 2022-11-02, 09:02:10.073282 [info] - Camera  0  :: [1, 0, 0, 0;
 0, 1, 0, 0;
 0, 0, 1, 0;
 0, 0, 0, 1]
0002346 | 2022-11-02, 09:02:10.073334 [info] - Camera  1  :: [0.999528838273911, 0.005060668256501498, -0.03027360394144351, 0.4326009758371407;
 -0.002898832975676922, 0.997469820124165, 0.0710320681723761, -3.966414249342435;
 0.03055647601057547, -0.0709108424591303, 0.9970145205540145, -3.91683397604101;
 0, 0, 0, 1]
0002347 | 2022-11-02, 09:02:10.073355 [info] - Camera  2  :: [-0.9105299703436798, 0.003685527291024282, 0.4134266440307456, -96.26635033575658;
 0.03065810148887915, 0.9978091198904214, 0.0586262831552557, -48.31969569103812;
 -0.4123048070530287, 0.06605586387361645, -0.9086480996122069, -4.27968633137632;
 0, 0, 0, 1]
0002348 | 2022-11-02, 09:02:10.073375 [info] - Camera  3  :: [0.7267448057443053, 0.001342312290146376, 0.6869062421621948, 65.34908947217663;
 0.02617700311859176, 0.9992175799596883, -0.02964780611163893, 12.19848037716207;
 -0.6864085895670313, 0.03952753593660777, 0.7261410483310932, -9.472759151757174;
 0, 0, 0, 1]
0002349 | 2022-11-02, 09:02:10.073395 [info] - Camera  4  :: [-0.9208015842581728, -0.01435248941947973, -0.3897671721362675, 101.357129663497;
 -0.01752575308391506, 0.9998358932389113, 0.004586346038998965, -47.8747022263925;
 0.3896373832250709, 0.01105407791774249, -0.9209020126782804, -1.526260441687367;
 0, 0, 0, 1]
0002350 | 2022-11-02, 09:02:10.073413 [info] - Camera  5  :: [0.6869054356207243, 0.02928094771311922, -0.7261566970122391, -67.58205413676605;
 -0.06470098122372385, 0.9976842586050629, -0.02097386851187668, 15.38361066035132;
 0.7238609711425188, 0.06139011510567265, 0.6872092463172493, -16.03013522602004;
 0, 0, 0, 1]
0002351 | 2022-11-02, 09:02:10.073432 [info] - Camera  6  :: [-0.999150502021688, -0.002789474173028587, 0.04111560705677265, 7.506923211681924;
 0.00517824548339531, 0.9813004614947874, 0.1924125516795346, 37.50399302636542;
 -0.04088349402292595, 0.1924620043124198, -0.980452404154594, -232.3819254004405;
 0, 0, 0, 1]
0002352 | 2022-11-02, 09:02:10.077052 [info] - Number of frames for camera group optimization  :: 9
0002353 | 2022-11-02, 09:02:10.533538 [info] - Camera  0  :: [1, 0, 0, 0;
 0, 1, 0, 0;
 0, 0, 1, 0;
 0, 0, 0, 1]
0002354 | 2022-11-02, 09:02:10.533591 [info] - Camera  1  :: [0.9999737996370696, 0.003597067691759273, 0.006281810521082565, 0.05490502269544409;
 -0.004019890857779262, 0.9976328567408269, 0.06864782318929244, -3.564266176288227;
 -0.006020009708748376, -0.06867127678409449, 0.9976211782174378, -6.056684376325356;
 0, 0, 0, 1]
0002355 | 2022-11-02, 09:02:10.533648 [info] - Camera  2  :: [-0.9104340760517432, 0.0009886972807904362, 0.4136530135771958, -97.55794956575711;
 0.02067988008438162, 0.9988554963620252, 0.04312818042844937, -47.4005589622611;
 -0.4131369454835822, 0.04781965981748767, -0.9094125270807718, -9.248943085575597;
 0, 0, 0, 1]
0002356 | 2022-11-02, 09:02:10.533668 [info] - Camera  3  :: [0.7157870958648296, 0.002971013302057646, 0.6983122557089717, 68.04808304965995;
 0.02138549271224562, 0.9994286598348341, -0.02617278361584525, 12.71671303437426;
 -0.6979910415577321, 0.03366789243042047, 0.7153146013639354, -9.971695777954526;
 0, 0, 0, 1]
0002357 | 2022-11-02, 09:02:10.533689 [info] - Camera  4  :: [-0.9180533394826027, -0.01489825595387886, -0.3961768643350768, 96.11420289133451;
 -0.01079741556684582, 0.9998625797838848, -0.01257924341888544, -47.8913661881244;
 0.3963098304129207, -0.007270730186676603, -0.9180880430550409, -2.600280640782313;
 0, 0, 0, 1]
0002358 | 2022-11-02, 09:02:10.533709 [info] - Camera  5  :: [0.7024575799115095, 0.02784138191685748, -0.7111808531434356, -68.89318628633525;
 -0.05787683506733955, 0.9981598032126844, -0.01809085992989523, 14.84373530032885;
 0.7093684658817681, 0.05386895862530476, 0.7027762907989796, -9.34327865702633;
 0, 0, 0, 1]
0002359 | 2022-11-02, 09:02:10.533728 [info] - Camera  6  :: [-0.9984549197474427, -0.005717259740888619, 0.05527283395288315, 10.95022533395251;
 0.005590223371987641, 0.9793118584688999, 0.2022795918149959, 39.64898694763281;
 -0.05528582670792816, 0.2022760411003867, -0.9777667822962568, -230.2036311999238;
 0, 0, 0, 1]
0002418 | 2022-11-02, 09:02:10.537592 [info] - Final refinement done
0002419 | 2022-11-02, 09:02:12.797183 [info] - Save parameters
0002420 | 2022-11-02, 09:02:12.808163 [info] - mean reprojection error :: 0.633612
