Determining if the function sgemm_ exists failed with the following output:
Change Dir: /home/solee/MC-Calib/MA-Calibcpp/build/CMakeFiles/CMakeTmp

Run Build Command(s):/usr/bin/make cmTC_94a45/fast && /usr/bin/make -f CMakeFiles/cmTC_94a45.dir/build.make CMakeFiles/cmTC_94a45.dir/build
make[1]: Entering directory '/home/solee/MC-Calib/MA-Calibcpp/build/CMakeFiles/CMakeTmp'
Building C object CMakeFiles/cmTC_94a45.dir/CheckFunctionExists.c.o
/usr/bin/cc   -DCHECK_FUNCTION_EXISTS=sgemm_   -o CMakeFiles/cmTC_94a45.dir/CheckFunctionExists.c.o   -c /usr/share/cmake-3.16/Modules/CheckFunctionExists.c
Linking C executable cmTC_94a45
/usr/bin/cmake -E cmake_link_script CMakeFiles/cmTC_94a45.dir/link.txt --verbose=1
/usr/bin/cc  -DCHECK_FUNCTION_EXISTS=sgemm_    -rdynamic CMakeFiles/cmTC_94a45.dir/CheckFunctionExists.c.o  -o cmTC_94a45 
/usr/bin/ld: CMakeFiles/cmTC_94a45.dir/CheckFunctionExists.c.o: in function `main':
CheckFunctionExists.c:(.text+0x14): undefined reference to `sgemm_'
collect2: error: ld returned 1 exit status
make[1]: *** [CMakeFiles/cmTC_94a45.dir/build.make:87: cmTC_94a45] Error 1
make[1]: Leaving directory '/home/solee/MC-Calib/MA-Calibcpp/build/CMakeFiles/CMakeTmp'
make: *** [Makefile:121: cmTC_94a45/fast] Error 2



Performing C SOURCE FILE Test CMAKE_HAVE_LIBC_PTHREAD failed with the following output:
Change Dir: /home/solee/MC-Calib/MA-Calibcpp/build/CMakeFiles/CMakeTmp

Run Build Command(s):/usr/bin/make cmTC_95c4c/fast && /usr/bin/make -f CMakeFiles/cmTC_95c4c.dir/build.make CMakeFiles/cmTC_95c4c.dir/build
make[1]: Entering directory '/home/solee/MC-Calib/MA-Calibcpp/build/CMakeFiles/CMakeTmp'
Building C object CMakeFiles/cmTC_95c4c.dir/src.c.o
/usr/bin/cc   -DCMAKE_HAVE_LIBC_PTHREAD   -o CMakeFiles/cmTC_95c4c.dir/src.c.o   -c /home/solee/MC-Calib/MA-Calibcpp/build/CMakeFiles/CMakeTmp/src.c
Linking C executable cmTC_95c4c
/usr/bin/cmake -E cmake_link_script CMakeFiles/cmTC_95c4c.dir/link.txt --verbose=1
/usr/bin/cc  -DCMAKE_HAVE_LIBC_PTHREAD    -rdynamic CMakeFiles/cmTC_95c4c.dir/src.c.o  -o cmTC_95c4c 
/usr/bin/ld: CMakeFiles/cmTC_95c4c.dir/src.c.o: in function `main':
src.c:(.text+0x46): undefined reference to `pthread_create'
/usr/bin/ld: src.c:(.text+0x52): undefined reference to `pthread_detach'
/usr/bin/ld: src.c:(.text+0x63): undefined reference to `pthread_join'
collect2: error: ld returned 1 exit status
make[1]: *** [CMakeFiles/cmTC_95c4c.dir/build.make:87: cmTC_95c4c] Error 1
make[1]: Leaving directory '/home/solee/MC-Calib/MA-Calibcpp/build/CMakeFiles/CMakeTmp'
make: *** [Makefile:121: cmTC_95c4c/fast] Error 2


Source file was:
#include <pthread.h>

void* test_func(void* data)
{
  return data;
}

int main(void)
{
  pthread_t thread;
  pthread_create(&thread, NULL, test_func, NULL);
  pthread_detach(thread);
  pthread_join(thread, NULL);
  pthread_atfork(NULL, NULL, NULL);
  pthread_exit(NULL);

  return 0;
}

Determining if the function pthread_create exists in the pthreads failed with the following output:
Change Dir: /home/solee/MC-Calib/MA-Calibcpp/build/CMakeFiles/CMakeTmp

Run Build Command(s):/usr/bin/make cmTC_471e0/fast && /usr/bin/make -f CMakeFiles/cmTC_471e0.dir/build.make CMakeFiles/cmTC_471e0.dir/build
make[1]: Entering directory '/home/solee/MC-Calib/MA-Calibcpp/build/CMakeFiles/CMakeTmp'
Building C object CMakeFiles/cmTC_471e0.dir/CheckFunctionExists.c.o
/usr/bin/cc   -DCHECK_FUNCTION_EXISTS=pthread_create   -o CMakeFiles/cmTC_471e0.dir/CheckFunctionExists.c.o   -c /usr/share/cmake-3.16/Modules/CheckFunctionExists.c
Linking C executable cmTC_471e0
/usr/bin/cmake -E cmake_link_script CMakeFiles/cmTC_471e0.dir/link.txt --verbose=1
/usr/bin/cc  -DCHECK_FUNCTION_EXISTS=pthread_create    -rdynamic CMakeFiles/cmTC_471e0.dir/CheckFunctionExists.c.o  -o cmTC_471e0  -lpthreads 
/usr/bin/ld: cannot find -lpthreads
collect2: error: ld returned 1 exit status
make[1]: *** [CMakeFiles/cmTC_471e0.dir/build.make:87: cmTC_471e0] Error 1
make[1]: Leaving directory '/home/solee/MC-Calib/MA-Calibcpp/build/CMakeFiles/CMakeTmp'
make: *** [Makefile:121: cmTC_471e0/fast] Error 2



Determining if the function cheev_ exists failed with the following output:
Change Dir: /home/solee/MC-Calib/MA-Calibcpp/build/CMakeFiles/CMakeTmp

Run Build Command(s):/usr/bin/make cmTC_23de8/fast && /usr/bin/make -f CMakeFiles/cmTC_23de8.dir/build.make CMakeFiles/cmTC_23de8.dir/build
make[1]: Entering directory '/home/solee/MC-Calib/MA-Calibcpp/build/CMakeFiles/CMakeTmp'
Building C object CMakeFiles/cmTC_23de8.dir/CheckFunctionExists.c.o
/usr/bin/cc   -DCHECK_FUNCTION_EXISTS=cheev_   -o CMakeFiles/cmTC_23de8.dir/CheckFunctionExists.c.o   -c /usr/share/cmake-3.16/Modules/CheckFunctionExists.c
Linking C executable cmTC_23de8
/usr/bin/cmake -E cmake_link_script CMakeFiles/cmTC_23de8.dir/link.txt --verbose=1
/usr/bin/cc  -DCHECK_FUNCTION_EXISTS=cheev_    -rdynamic CMakeFiles/cmTC_23de8.dir/CheckFunctionExists.c.o  -o cmTC_23de8  /usr/lib/x86_64-linux-gnu/libf77blas.so /usr/lib/x86_64-linux-gnu/libatlas.so 
/usr/bin/ld: CMakeFiles/cmTC_23de8.dir/CheckFunctionExists.c.o: in function `main':
CheckFunctionExists.c:(.text+0x14): undefined reference to `cheev_'
collect2: error: ld returned 1 exit status
make[1]: *** [CMakeFiles/cmTC_23de8.dir/build.make:89: cmTC_23de8] Error 1
make[1]: Leaving directory '/home/solee/MC-Calib/MA-Calibcpp/build/CMakeFiles/CMakeTmp'
make: *** [Makefile:121: cmTC_23de8/fast] Error 2



